Run Stats for experiment at: 05-23-2016 19:46:38
3955.0
4492.0
3960.0
4067.0
4062.0
4138.0
4229.0
4561.0
4121.0
4137.0
4215.0
4356.0
4395.0
4563.0
4086.0
4162.0
4083.0
4025.0
4341.0
4518.0
4405.0
4274.0
3919.0
4101.0
4289.0
4215.0
4240.0
4407.0
4054.0
4145.0
4257.0
4352.0
3924.0
4108.0
4219.0
4134.0
3961.0
4448.0
4418.0
4286.0
4016.0
4524.0
4147.0
4613.0
4035.0
4603.0
4235.0
4378.0
4144.0
4375.0
4388.0
4170.0
4439.0
4469.0
4339.0
4296.0
4296.0
4311.0
4111.0
4429.0
4501.0
4268.0
4670.0
4407.0
4268.0
4188.0
4252.0
4647.0
4118.0
3650.0
4447.0
4345.0
4400.0
4259.0
4098.0
4001.0
4149.0
4330.0
4163.0
4392.0
4332.0
4252.0
4463.0
4399.0
4565.0
4426.0
4540.0
4152.0
3939.0
4161.0
4275.0
4117.0
4468.0
3989.0
4409.0
4036.0
4057.0
4123.0
4303.0
4311.0
