Run Stats for experiment at: 05-25-2016 11:04:16

4386.0
4809.0
4061.0
4306.0
4070.0
4048.0
4666.0
4078.0
4402.0
4499.0
4276.0
4787.0
3622.0
4462.0
4126.0
4624.0
4167.0
4636.0
4260.0
4379.0
4541.0
4464.0
4372.0
3897.0
4815.0
4524.0
4470.0
4144.0
4479.0
4604.0
4477.0
3905.0
4390.0
4702.0
4869.0
4139.0
4197.0
4497.0
4346.0
4765.0
4389.0
4903.0
4261.0
4285.0
4581.0
4229.0
4528.0
4563.0
4342.0
4256.0
4361.0
4734.0
4344.0
4202.0
4696.0
4798.0
4755.0
4494.0
4055.0
4430.0
4200.0
4551.0
4056.0
4519.0
4592.0
4609.0
4544.0
4616.0
4349.0
3576.0
4539.0
4188.0
4328.0
4831.0
4480.0
4057.0
4337.0
4614.0
4405.0
4921.0
4556.0
4297.0
4294.0
4712.0
4613.0
4492.0
4018.0
4971.0
4278.0
4324.0
4705.0
4132.0
4420.0
4434.0
4522.0
4534.0
4319.0
4576.0
4434.0
4110.0
